2026-04-15 21:53:41 [INFO] app.services.model_service - 加载当前激活模型：D:\CodeProjects\dl-text-sentiment-zh\storage\models\current\bert-base-chinese-base
2026-04-15 22:15:47 [ERROR] app.main - 未处理异常：cannot use 'tuple' as a dict key (unhashable type: 'dict')
Traceback (most recent call last):
  File "C:\Users\VUY\miniconda3\envs\zh_sentiment_fastapi\Lib\site-packages\starlette\middleware\errors.py", line 164, in __call__
    await self.app(scope, receive, _send)
  File "C:\Users\VUY\miniconda3\envs\zh_sentiment_fastapi\Lib\site-packages\starlette\middleware\exceptions.py", line 63, in __call__
    await wrap_app_handling_exceptions(self.app, conn)(scope, receive, send)
  File "C:\Users\VUY\miniconda3\envs\zh_sentiment_fastapi\Lib\site-packages\starlette\_exception_handler.py", line 53, in wrapped_app
    raise exc
  File "C:\Users\VUY\miniconda3\envs\zh_sentiment_fastapi\Lib\site-packages\starlette\_exception_handler.py", line 42, in wrapped_app
    await app(scope, receive, sender)
  File "C:\Users\VUY\miniconda3\envs\zh_sentiment_fastapi\Lib\site-packages\fastapi\middleware\asyncexitstack.py", line 18, in __call__
    await self.app(scope, receive, send)
  File "C:\Users\VUY\miniconda3\envs\zh_sentiment_fastapi\Lib\site-packages\starlette\routing.py", line 660, in __call__
    await self.middleware_stack(scope, receive, send)
  File "C:\Users\VUY\miniconda3\envs\zh_sentiment_fastapi\Lib\site-packages\starlette\routing.py", line 680, in app
    await route.handle(scope, receive, send)
  File "C:\Users\VUY\miniconda3\envs\zh_sentiment_fastapi\Lib\site-packages\starlette\routing.py", line 276, in handle
    await self.app(scope, receive, send)
  File "C:\Users\VUY\miniconda3\envs\zh_sentiment_fastapi\Lib\site-packages\fastapi\routing.py", line 134, in app
    await wrap_app_handling_exceptions(app, request)(scope, receive, send)
  File "C:\Users\VUY\miniconda3\envs\zh_sentiment_fastapi\Lib\site-packages\starlette\_exception_handler.py", line 53, in wrapped_app
    raise exc
  File "C:\Users\VUY\miniconda3\envs\zh_sentiment_fastapi\Lib\site-packages\starlette\_exception_handler.py", line 42, in wrapped_app
    await app(scope, receive, sender)
  File "C:\Users\VUY\miniconda3\envs\zh_sentiment_fastapi\Lib\site-packages\fastapi\routing.py", line 120, in app
    response = await f(request)
               ^^^^^^^^^^^^^^^^
  File "C:\Users\VUY\miniconda3\envs\zh_sentiment_fastapi\Lib\site-packages\fastapi\routing.py", line 674, in app
    raw_response = await run_endpoint_function(
                   ^^^^^^^^^^^^^^^^^^^^^^^^^^^^
    ...<3 lines>...
    )
    ^
  File "C:\Users\VUY\miniconda3\envs\zh_sentiment_fastapi\Lib\site-packages\fastapi\routing.py", line 330, in run_endpoint_function
    return await run_in_threadpool(dependant.call, **values)
           ^^^^^^^^^^^^^^^^^^^^^^^^^^^^^^^^^^^^^^^^^^^^^^^^^
  File "C:\Users\VUY\miniconda3\envs\zh_sentiment_fastapi\Lib\site-packages\starlette\concurrency.py", line 32, in run_in_threadpool
    return await anyio.to_thread.run_sync(func)
           ^^^^^^^^^^^^^^^^^^^^^^^^^^^^^^^^^^^^
  File "C:\Users\VUY\miniconda3\envs\zh_sentiment_fastapi\Lib\site-packages\anyio\to_thread.py", line 63, in run_sync
    return await get_async_backend().run_sync_in_worker_thread(
           ^^^^^^^^^^^^^^^^^^^^^^^^^^^^^^^^^^^^^^^^^^^^^^^^^^^^
        func, args, abandon_on_cancel=abandon_on_cancel, limiter=limiter
        ^^^^^^^^^^^^^^^^^^^^^^^^^^^^^^^^^^^^^^^^^^^^^^^^^^^^^^^^^^^^^^^^
    )
    ^
  File "C:\Users\VUY\miniconda3\envs\zh_sentiment_fastapi\Lib\site-packages\anyio\_backends\_asyncio.py", line 2518, in run_sync_in_worker_thread
    return await future
           ^^^^^^^^^^^^
  File "C:\Users\VUY\miniconda3\envs\zh_sentiment_fastapi\Lib\site-packages\anyio\_backends\_asyncio.py", line 1002, in run
    result = context.run(func, *args)
  File "D:\CodeProjects\dl-text-sentiment-zh\app\routers\page_router.py", line 40, in index_page
    return templates.TemplateResponse("index.html", context)
           ~~~~~~~~~~~~~~~~~~~~~~~~~~^^^^^^^^^^^^^^^^^^^^^^^
  File "C:\Users\VUY\miniconda3\envs\zh_sentiment_fastapi\Lib\site-packages\starlette\templating.py", line 148, in TemplateResponse
    template = self.get_template(name)
  File "C:\Users\VUY\miniconda3\envs\zh_sentiment_fastapi\Lib\site-packages\starlette\templating.py", line 115, in get_template
    return self.env.get_template(name)
           ~~~~~~~~~~~~~~~~~~~~~^^^^^^
  File "C:\Users\VUY\miniconda3\envs\zh_sentiment_fastapi\Lib\site-packages\jinja2\environment.py", line 1016, in get_template
    return self._load_template(name, globals)
           ~~~~~~~~~~~~~~~~~~~^^^^^^^^^^^^^^^
  File "C:\Users\VUY\miniconda3\envs\zh_sentiment_fastapi\Lib\site-packages\jinja2\environment.py", line 964, in _load_template
    template = self.cache.get(cache_key)
  File "C:\Users\VUY\miniconda3\envs\zh_sentiment_fastapi\Lib\site-packages\jinja2\utils.py", line 477, in get
    return self[key]
           ~~~~^^^^^
  File "C:\Users\VUY\miniconda3\envs\zh_sentiment_fastapi\Lib\site-packages\jinja2\utils.py", line 515, in __getitem__
    rv = self._mapping[key]
         ~~~~~~~~~~~~~^^^^^
TypeError: cannot use 'tuple' as a dict key (unhashable type: 'dict')
2026-04-15 22:16:11 [INFO] app.services.model_service - 加载当前激活模型：D:\CodeProjects\dl-text-sentiment-zh\storage\models\current\bert-base-chinese-base
2026-04-15 22:16:16 [INFO] app.services.model_service - 加载当前激活模型：D:\CodeProjects\dl-text-sentiment-zh\storage\models\current\bert-base-chinese-base
2026-04-15 22:16:20 [ERROR] app.main - 未处理异常：cannot use 'tuple' as a dict key (unhashable type: 'dict')
Traceback (most recent call last):
  File "C:\Users\VUY\miniconda3\envs\zh_sentiment_fastapi\Lib\site-packages\starlette\middleware\errors.py", line 164, in __call__
    await self.app(scope, receive, _send)
  File "C:\Users\VUY\miniconda3\envs\zh_sentiment_fastapi\Lib\site-packages\starlette\middleware\exceptions.py", line 63, in __call__
    await wrap_app_handling_exceptions(self.app, conn)(scope, receive, send)
  File "C:\Users\VUY\miniconda3\envs\zh_sentiment_fastapi\Lib\site-packages\starlette\_exception_handler.py", line 53, in wrapped_app
    raise exc
  File "C:\Users\VUY\miniconda3\envs\zh_sentiment_fastapi\Lib\site-packages\starlette\_exception_handler.py", line 42, in wrapped_app
    await app(scope, receive, sender)
  File "C:\Users\VUY\miniconda3\envs\zh_sentiment_fastapi\Lib\site-packages\fastapi\middleware\asyncexitstack.py", line 18, in __call__
    await self.app(scope, receive, send)
  File "C:\Users\VUY\miniconda3\envs\zh_sentiment_fastapi\Lib\site-packages\starlette\routing.py", line 660, in __call__
    await self.middleware_stack(scope, receive, send)
  File "C:\Users\VUY\miniconda3\envs\zh_sentiment_fastapi\Lib\site-packages\starlette\routing.py", line 680, in app
    await route.handle(scope, receive, send)
  File "C:\Users\VUY\miniconda3\envs\zh_sentiment_fastapi\Lib\site-packages\starlette\routing.py", line 276, in handle
    await self.app(scope, receive, send)
  File "C:\Users\VUY\miniconda3\envs\zh_sentiment_fastapi\Lib\site-packages\fastapi\routing.py", line 134, in app
    await wrap_app_handling_exceptions(app, request)(scope, receive, send)
  File "C:\Users\VUY\miniconda3\envs\zh_sentiment_fastapi\Lib\site-packages\starlette\_exception_handler.py", line 53, in wrapped_app
    raise exc
  File "C:\Users\VUY\miniconda3\envs\zh_sentiment_fastapi\Lib\site-packages\starlette\_exception_handler.py", line 42, in wrapped_app
    await app(scope, receive, sender)
  File "C:\Users\VUY\miniconda3\envs\zh_sentiment_fastapi\Lib\site-packages\fastapi\routing.py", line 120, in app
    response = await f(request)
               ^^^^^^^^^^^^^^^^
  File "C:\Users\VUY\miniconda3\envs\zh_sentiment_fastapi\Lib\site-packages\fastapi\routing.py", line 674, in app
    raw_response = await run_endpoint_function(
                   ^^^^^^^^^^^^^^^^^^^^^^^^^^^^
    ...<3 lines>...
    )
    ^
  File "C:\Users\VUY\miniconda3\envs\zh_sentiment_fastapi\Lib\site-packages\fastapi\routing.py", line 330, in run_endpoint_function
    return await run_in_threadpool(dependant.call, **values)
           ^^^^^^^^^^^^^^^^^^^^^^^^^^^^^^^^^^^^^^^^^^^^^^^^^
  File "C:\Users\VUY\miniconda3\envs\zh_sentiment_fastapi\Lib\site-packages\starlette\concurrency.py", line 32, in run_in_threadpool
    return await anyio.to_thread.run_sync(func)
           ^^^^^^^^^^^^^^^^^^^^^^^^^^^^^^^^^^^^
  File "C:\Users\VUY\miniconda3\envs\zh_sentiment_fastapi\Lib\site-packages\anyio\to_thread.py", line 63, in run_sync
    return await get_async_backend().run_sync_in_worker_thread(
           ^^^^^^^^^^^^^^^^^^^^^^^^^^^^^^^^^^^^^^^^^^^^^^^^^^^^
        func, args, abandon_on_cancel=abandon_on_cancel, limiter=limiter
        ^^^^^^^^^^^^^^^^^^^^^^^^^^^^^^^^^^^^^^^^^^^^^^^^^^^^^^^^^^^^^^^^
    )
    ^
  File "C:\Users\VUY\miniconda3\envs\zh_sentiment_fastapi\Lib\site-packages\anyio\_backends\_asyncio.py", line 2518, in run_sync_in_worker_thread
    return await future
           ^^^^^^^^^^^^
  File "C:\Users\VUY\miniconda3\envs\zh_sentiment_fastapi\Lib\site-packages\anyio\_backends\_asyncio.py", line 1002, in run
    result = context.run(func, *args)
  File "D:\CodeProjects\dl-text-sentiment-zh\app\routers\page_router.py", line 40, in index_page
    return templates.TemplateResponse("index.html", context)
           ~~~~~~~~~~~~~~~~~~~~~~~~~~^^^^^^^^^^^^^^^^^^^^^^^
  File "C:\Users\VUY\miniconda3\envs\zh_sentiment_fastapi\Lib\site-packages\starlette\templating.py", line 148, in TemplateResponse
    template = self.get_template(name)
  File "C:\Users\VUY\miniconda3\envs\zh_sentiment_fastapi\Lib\site-packages\starlette\templating.py", line 115, in get_template
    return self.env.get_template(name)
           ~~~~~~~~~~~~~~~~~~~~~^^^^^^
  File "C:\Users\VUY\miniconda3\envs\zh_sentiment_fastapi\Lib\site-packages\jinja2\environment.py", line 1016, in get_template
    return self._load_template(name, globals)
           ~~~~~~~~~~~~~~~~~~~^^^^^^^^^^^^^^^
  File "C:\Users\VUY\miniconda3\envs\zh_sentiment_fastapi\Lib\site-packages\jinja2\environment.py", line 964, in _load_template
    template = self.cache.get(cache_key)
  File "C:\Users\VUY\miniconda3\envs\zh_sentiment_fastapi\Lib\site-packages\jinja2\utils.py", line 477, in get
    return self[key]
           ~~~~^^^^^
  File "C:\Users\VUY\miniconda3\envs\zh_sentiment_fastapi\Lib\site-packages\jinja2\utils.py", line 515, in __getitem__
    rv = self._mapping[key]
         ~~~~~~~~~~~~~^^^^^
TypeError: cannot use 'tuple' as a dict key (unhashable type: 'dict')
2026-04-15 22:16:22 [ERROR] app.main - 未处理异常：cannot use 'tuple' as a dict key (unhashable type: 'dict')
Traceback (most recent call last):
  File "C:\Users\VUY\miniconda3\envs\zh_sentiment_fastapi\Lib\site-packages\starlette\middleware\errors.py", line 164, in __call__
    await self.app(scope, receive, _send)
  File "C:\Users\VUY\miniconda3\envs\zh_sentiment_fastapi\Lib\site-packages\starlette\middleware\exceptions.py", line 63, in __call__
    await wrap_app_handling_exceptions(self.app, conn)(scope, receive, send)
  File "C:\Users\VUY\miniconda3\envs\zh_sentiment_fastapi\Lib\site-packages\starlette\_exception_handler.py", line 53, in wrapped_app
    raise exc
  File "C:\Users\VUY\miniconda3\envs\zh_sentiment_fastapi\Lib\site-packages\starlette\_exception_handler.py", line 42, in wrapped_app
    await app(scope, receive, sender)
  File "C:\Users\VUY\miniconda3\envs\zh_sentiment_fastapi\Lib\site-packages\fastapi\middleware\asyncexitstack.py", line 18, in __call__
    await self.app(scope, receive, send)
  File "C:\Users\VUY\miniconda3\envs\zh_sentiment_fastapi\Lib\site-packages\starlette\routing.py", line 660, in __call__
    await self.middleware_stack(scope, receive, send)
  File "C:\Users\VUY\miniconda3\envs\zh_sentiment_fastapi\Lib\site-packages\starlette\routing.py", line 680, in app
    await route.handle(scope, receive, send)
  File "C:\Users\VUY\miniconda3\envs\zh_sentiment_fastapi\Lib\site-packages\starlette\routing.py", line 276, in handle
    await self.app(scope, receive, send)
  File "C:\Users\VUY\miniconda3\envs\zh_sentiment_fastapi\Lib\site-packages\fastapi\routing.py", line 134, in app
    await wrap_app_handling_exceptions(app, request)(scope, receive, send)
  File "C:\Users\VUY\miniconda3\envs\zh_sentiment_fastapi\Lib\site-packages\starlette\_exception_handler.py", line 53, in wrapped_app
    raise exc
  File "C:\Users\VUY\miniconda3\envs\zh_sentiment_fastapi\Lib\site-packages\starlette\_exception_handler.py", line 42, in wrapped_app
    await app(scope, receive, sender)
  File "C:\Users\VUY\miniconda3\envs\zh_sentiment_fastapi\Lib\site-packages\fastapi\routing.py", line 120, in app
    response = await f(request)
               ^^^^^^^^^^^^^^^^
  File "C:\Users\VUY\miniconda3\envs\zh_sentiment_fastapi\Lib\site-packages\fastapi\routing.py", line 674, in app
    raw_response = await run_endpoint_function(
                   ^^^^^^^^^^^^^^^^^^^^^^^^^^^^
    ...<3 lines>...
    )
    ^
  File "C:\Users\VUY\miniconda3\envs\zh_sentiment_fastapi\Lib\site-packages\fastapi\routing.py", line 330, in run_endpoint_function
    return await run_in_threadpool(dependant.call, **values)
           ^^^^^^^^^^^^^^^^^^^^^^^^^^^^^^^^^^^^^^^^^^^^^^^^^
  File "C:\Users\VUY\miniconda3\envs\zh_sentiment_fastapi\Lib\site-packages\starlette\concurrency.py", line 32, in run_in_threadpool
    return await anyio.to_thread.run_sync(func)
           ^^^^^^^^^^^^^^^^^^^^^^^^^^^^^^^^^^^^
  File "C:\Users\VUY\miniconda3\envs\zh_sentiment_fastapi\Lib\site-packages\anyio\to_thread.py", line 63, in run_sync
    return await get_async_backend().run_sync_in_worker_thread(
           ^^^^^^^^^^^^^^^^^^^^^^^^^^^^^^^^^^^^^^^^^^^^^^^^^^^^
        func, args, abandon_on_cancel=abandon_on_cancel, limiter=limiter
        ^^^^^^^^^^^^^^^^^^^^^^^^^^^^^^^^^^^^^^^^^^^^^^^^^^^^^^^^^^^^^^^^
    )
    ^
  File "C:\Users\VUY\miniconda3\envs\zh_sentiment_fastapi\Lib\site-packages\anyio\_backends\_asyncio.py", line 2518, in run_sync_in_worker_thread
    return await future
           ^^^^^^^^^^^^
  File "C:\Users\VUY\miniconda3\envs\zh_sentiment_fastapi\Lib\site-packages\anyio\_backends\_asyncio.py", line 1002, in run
    result = context.run(func, *args)
  File "D:\CodeProjects\dl-text-sentiment-zh\app\routers\page_router.py", line 40, in index_page
    return templates.TemplateResponse("index.html", context)
           ~~~~~~~~~~~~~~~~~~~~~~~~~~^^^^^^^^^^^^^^^^^^^^^^^
  File "C:\Users\VUY\miniconda3\envs\zh_sentiment_fastapi\Lib\site-packages\starlette\templating.py", line 148, in TemplateResponse
    template = self.get_template(name)
  File "C:\Users\VUY\miniconda3\envs\zh_sentiment_fastapi\Lib\site-packages\starlette\templating.py", line 115, in get_template
    return self.env.get_template(name)
           ~~~~~~~~~~~~~~~~~~~~~^^^^^^
  File "C:\Users\VUY\miniconda3\envs\zh_sentiment_fastapi\Lib\site-packages\jinja2\environment.py", line 1016, in get_template
    return self._load_template(name, globals)
           ~~~~~~~~~~~~~~~~~~~^^^^^^^^^^^^^^^
  File "C:\Users\VUY\miniconda3\envs\zh_sentiment_fastapi\Lib\site-packages\jinja2\environment.py", line 964, in _load_template
    template = self.cache.get(cache_key)
  File "C:\Users\VUY\miniconda3\envs\zh_sentiment_fastapi\Lib\site-packages\jinja2\utils.py", line 477, in get
    return self[key]
           ~~~~^^^^^
  File "C:\Users\VUY\miniconda3\envs\zh_sentiment_fastapi\Lib\site-packages\jinja2\utils.py", line 515, in __getitem__
    rv = self._mapping[key]
         ~~~~~~~~~~~~~^^^^^
TypeError: cannot use 'tuple' as a dict key (unhashable type: 'dict')
2026-04-15 22:16:22 [ERROR] app.main - 未处理异常：cannot use 'tuple' as a dict key (unhashable type: 'dict')
Traceback (most recent call last):
  File "C:\Users\VUY\miniconda3\envs\zh_sentiment_fastapi\Lib\site-packages\starlette\middleware\errors.py", line 164, in __call__
    await self.app(scope, receive, _send)
  File "C:\Users\VUY\miniconda3\envs\zh_sentiment_fastapi\Lib\site-packages\starlette\middleware\exceptions.py", line 63, in __call__
    await wrap_app_handling_exceptions(self.app, conn)(scope, receive, send)
  File "C:\Users\VUY\miniconda3\envs\zh_sentiment_fastapi\Lib\site-packages\starlette\_exception_handler.py", line 53, in wrapped_app
    raise exc
  File "C:\Users\VUY\miniconda3\envs\zh_sentiment_fastapi\Lib\site-packages\starlette\_exception_handler.py", line 42, in wrapped_app
    await app(scope, receive, sender)
  File "C:\Users\VUY\miniconda3\envs\zh_sentiment_fastapi\Lib\site-packages\fastapi\middleware\asyncexitstack.py", line 18, in __call__
    await self.app(scope, receive, send)
  File "C:\Users\VUY\miniconda3\envs\zh_sentiment_fastapi\Lib\site-packages\starlette\routing.py", line 660, in __call__
    await self.middleware_stack(scope, receive, send)
  File "C:\Users\VUY\miniconda3\envs\zh_sentiment_fastapi\Lib\site-packages\starlette\routing.py", line 680, in app
    await route.handle(scope, receive, send)
  File "C:\Users\VUY\miniconda3\envs\zh_sentiment_fastapi\Lib\site-packages\starlette\routing.py", line 276, in handle
    await self.app(scope, receive, send)
  File "C:\Users\VUY\miniconda3\envs\zh_sentiment_fastapi\Lib\site-packages\fastapi\routing.py", line 134, in app
    await wrap_app_handling_exceptions(app, request)(scope, receive, send)
  File "C:\Users\VUY\miniconda3\envs\zh_sentiment_fastapi\Lib\site-packages\starlette\_exception_handler.py", line 53, in wrapped_app
    raise exc
  File "C:\Users\VUY\miniconda3\envs\zh_sentiment_fastapi\Lib\site-packages\starlette\_exception_handler.py", line 42, in wrapped_app
    await app(scope, receive, sender)
  File "C:\Users\VUY\miniconda3\envs\zh_sentiment_fastapi\Lib\site-packages\fastapi\routing.py", line 120, in app
    response = await f(request)
               ^^^^^^^^^^^^^^^^
  File "C:\Users\VUY\miniconda3\envs\zh_sentiment_fastapi\Lib\site-packages\fastapi\routing.py", line 674, in app
    raw_response = await run_endpoint_function(
                   ^^^^^^^^^^^^^^^^^^^^^^^^^^^^
    ...<3 lines>...
    )
    ^
  File "C:\Users\VUY\miniconda3\envs\zh_sentiment_fastapi\Lib\site-packages\fastapi\routing.py", line 330, in run_endpoint_function
    return await run_in_threadpool(dependant.call, **values)
           ^^^^^^^^^^^^^^^^^^^^^^^^^^^^^^^^^^^^^^^^^^^^^^^^^
  File "C:\Users\VUY\miniconda3\envs\zh_sentiment_fastapi\Lib\site-packages\starlette\concurrency.py", line 32, in run_in_threadpool
    return await anyio.to_thread.run_sync(func)
           ^^^^^^^^^^^^^^^^^^^^^^^^^^^^^^^^^^^^
  File "C:\Users\VUY\miniconda3\envs\zh_sentiment_fastapi\Lib\site-packages\anyio\to_thread.py", line 63, in run_sync
    return await get_async_backend().run_sync_in_worker_thread(
           ^^^^^^^^^^^^^^^^^^^^^^^^^^^^^^^^^^^^^^^^^^^^^^^^^^^^
        func, args, abandon_on_cancel=abandon_on_cancel, limiter=limiter
        ^^^^^^^^^^^^^^^^^^^^^^^^^^^^^^^^^^^^^^^^^^^^^^^^^^^^^^^^^^^^^^^^
    )
    ^
  File "C:\Users\VUY\miniconda3\envs\zh_sentiment_fastapi\Lib\site-packages\anyio\_backends\_asyncio.py", line 2518, in run_sync_in_worker_thread
    return await future
           ^^^^^^^^^^^^
  File "C:\Users\VUY\miniconda3\envs\zh_sentiment_fastapi\Lib\site-packages\anyio\_backends\_asyncio.py", line 1002, in run
    result = context.run(func, *args)
  File "D:\CodeProjects\dl-text-sentiment-zh\app\routers\page_router.py", line 40, in index_page
    return templates.TemplateResponse("index.html", context)
           ~~~~~~~~~~~~~~~~~~~~~~~~~~^^^^^^^^^^^^^^^^^^^^^^^
  File "C:\Users\VUY\miniconda3\envs\zh_sentiment_fastapi\Lib\site-packages\starlette\templating.py", line 148, in TemplateResponse
    template = self.get_template(name)
  File "C:\Users\VUY\miniconda3\envs\zh_sentiment_fastapi\Lib\site-packages\starlette\templating.py", line 115, in get_template
    return self.env.get_template(name)
           ~~~~~~~~~~~~~~~~~~~~~^^^^^^
  File "C:\Users\VUY\miniconda3\envs\zh_sentiment_fastapi\Lib\site-packages\jinja2\environment.py", line 1016, in get_template
    return self._load_template(name, globals)
           ~~~~~~~~~~~~~~~~~~~^^^^^^^^^^^^^^^
  File "C:\Users\VUY\miniconda3\envs\zh_sentiment_fastapi\Lib\site-packages\jinja2\environment.py", line 964, in _load_template
    template = self.cache.get(cache_key)
  File "C:\Users\VUY\miniconda3\envs\zh_sentiment_fastapi\Lib\site-packages\jinja2\utils.py", line 477, in get
    return self[key]
           ~~~~^^^^^
  File "C:\Users\VUY\miniconda3\envs\zh_sentiment_fastapi\Lib\site-packages\jinja2\utils.py", line 515, in __getitem__
    rv = self._mapping[key]
         ~~~~~~~~~~~~~^^^^^
TypeError: cannot use 'tuple' as a dict key (unhashable type: 'dict')
2026-04-15 22:17:41 [INFO] app.services.model_service - 加载当前激活模型：D:\CodeProjects\dl-text-sentiment-zh\storage\models\current\bert-base-chinese-base
2026-04-15 22:17:57 [ERROR] app.main - 未处理异常：cannot use 'tuple' as a dict key (unhashable type: 'dict')
Traceback (most recent call last):
  File "C:\Users\VUY\miniconda3\envs\zh_sentiment_fastapi\Lib\site-packages\starlette\middleware\errors.py", line 164, in __call__
    await self.app(scope, receive, _send)
  File "C:\Users\VUY\miniconda3\envs\zh_sentiment_fastapi\Lib\site-packages\starlette\middleware\exceptions.py", line 63, in __call__
    await wrap_app_handling_exceptions(self.app, conn)(scope, receive, send)
  File "C:\Users\VUY\miniconda3\envs\zh_sentiment_fastapi\Lib\site-packages\starlette\_exception_handler.py", line 53, in wrapped_app
    raise exc
  File "C:\Users\VUY\miniconda3\envs\zh_sentiment_fastapi\Lib\site-packages\starlette\_exception_handler.py", line 42, in wrapped_app
    await app(scope, receive, sender)
  File "C:\Users\VUY\miniconda3\envs\zh_sentiment_fastapi\Lib\site-packages\fastapi\middleware\asyncexitstack.py", line 18, in __call__
    await self.app(scope, receive, send)
  File "C:\Users\VUY\miniconda3\envs\zh_sentiment_fastapi\Lib\site-packages\starlette\routing.py", line 660, in __call__
    await self.middleware_stack(scope, receive, send)
  File "C:\Users\VUY\miniconda3\envs\zh_sentiment_fastapi\Lib\site-packages\starlette\routing.py", line 680, in app
    await route.handle(scope, receive, send)
  File "C:\Users\VUY\miniconda3\envs\zh_sentiment_fastapi\Lib\site-packages\starlette\routing.py", line 276, in handle
    await self.app(scope, receive, send)
  File "C:\Users\VUY\miniconda3\envs\zh_sentiment_fastapi\Lib\site-packages\fastapi\routing.py", line 134, in app
    await wrap_app_handling_exceptions(app, request)(scope, receive, send)
  File "C:\Users\VUY\miniconda3\envs\zh_sentiment_fastapi\Lib\site-packages\starlette\_exception_handler.py", line 53, in wrapped_app
    raise exc
  File "C:\Users\VUY\miniconda3\envs\zh_sentiment_fastapi\Lib\site-packages\starlette\_exception_handler.py", line 42, in wrapped_app
    await app(scope, receive, sender)
  File "C:\Users\VUY\miniconda3\envs\zh_sentiment_fastapi\Lib\site-packages\fastapi\routing.py", line 120, in app
    response = await f(request)
               ^^^^^^^^^^^^^^^^
  File "C:\Users\VUY\miniconda3\envs\zh_sentiment_fastapi\Lib\site-packages\fastapi\routing.py", line 674, in app
    raw_response = await run_endpoint_function(
                   ^^^^^^^^^^^^^^^^^^^^^^^^^^^^
    ...<3 lines>...
    )
    ^
  File "C:\Users\VUY\miniconda3\envs\zh_sentiment_fastapi\Lib\site-packages\fastapi\routing.py", line 330, in run_endpoint_function
    return await run_in_threadpool(dependant.call, **values)
           ^^^^^^^^^^^^^^^^^^^^^^^^^^^^^^^^^^^^^^^^^^^^^^^^^
  File "C:\Users\VUY\miniconda3\envs\zh_sentiment_fastapi\Lib\site-packages\starlette\concurrency.py", line 32, in run_in_threadpool
    return await anyio.to_thread.run_sync(func)
           ^^^^^^^^^^^^^^^^^^^^^^^^^^^^^^^^^^^^
  File "C:\Users\VUY\miniconda3\envs\zh_sentiment_fastapi\Lib\site-packages\anyio\to_thread.py", line 63, in run_sync
    return await get_async_backend().run_sync_in_worker_thread(
           ^^^^^^^^^^^^^^^^^^^^^^^^^^^^^^^^^^^^^^^^^^^^^^^^^^^^
        func, args, abandon_on_cancel=abandon_on_cancel, limiter=limiter
        ^^^^^^^^^^^^^^^^^^^^^^^^^^^^^^^^^^^^^^^^^^^^^^^^^^^^^^^^^^^^^^^^
    )
    ^
  File "C:\Users\VUY\miniconda3\envs\zh_sentiment_fastapi\Lib\site-packages\anyio\_backends\_asyncio.py", line 2518, in run_sync_in_worker_thread
    return await future
           ^^^^^^^^^^^^
  File "C:\Users\VUY\miniconda3\envs\zh_sentiment_fastapi\Lib\site-packages\anyio\_backends\_asyncio.py", line 1002, in run
    result = context.run(func, *args)
  File "D:\CodeProjects\dl-text-sentiment-zh\app\routers\page_router.py", line 40, in index_page
    return templates.TemplateResponse("index.html", context)
           ~~~~~~~~~~~~~~~~~~~~~~~~~~^^^^^^^^^^^^^^^^^^^^^^^
  File "C:\Users\VUY\miniconda3\envs\zh_sentiment_fastapi\Lib\site-packages\starlette\templating.py", line 148, in TemplateResponse
    template = self.get_template(name)
  File "C:\Users\VUY\miniconda3\envs\zh_sentiment_fastapi\Lib\site-packages\starlette\templating.py", line 115, in get_template
    return self.env.get_template(name)
           ~~~~~~~~~~~~~~~~~~~~~^^^^^^
  File "C:\Users\VUY\miniconda3\envs\zh_sentiment_fastapi\Lib\site-packages\jinja2\environment.py", line 1016, in get_template
    return self._load_template(name, globals)
           ~~~~~~~~~~~~~~~~~~~^^^^^^^^^^^^^^^
  File "C:\Users\VUY\miniconda3\envs\zh_sentiment_fastapi\Lib\site-packages\jinja2\environment.py", line 964, in _load_template
    template = self.cache.get(cache_key)
  File "C:\Users\VUY\miniconda3\envs\zh_sentiment_fastapi\Lib\site-packages\jinja2\utils.py", line 477, in get
    return self[key]
           ~~~~^^^^^
  File "C:\Users\VUY\miniconda3\envs\zh_sentiment_fastapi\Lib\site-packages\jinja2\utils.py", line 515, in __getitem__
    rv = self._mapping[key]
         ~~~~~~~~~~~~~^^^^^
TypeError: cannot use 'tuple' as a dict key (unhashable type: 'dict')
2026-04-15 22:18:02 [ERROR] app.main - 未处理异常：cannot use 'tuple' as a dict key (unhashable type: 'dict')
Traceback (most recent call last):
  File "C:\Users\VUY\miniconda3\envs\zh_sentiment_fastapi\Lib\site-packages\starlette\middleware\errors.py", line 164, in __call__
    await self.app(scope, receive, _send)
  File "C:\Users\VUY\miniconda3\envs\zh_sentiment_fastapi\Lib\site-packages\starlette\middleware\exceptions.py", line 63, in __call__
    await wrap_app_handling_exceptions(self.app, conn)(scope, receive, send)
  File "C:\Users\VUY\miniconda3\envs\zh_sentiment_fastapi\Lib\site-packages\starlette\_exception_handler.py", line 53, in wrapped_app
    raise exc
  File "C:\Users\VUY\miniconda3\envs\zh_sentiment_fastapi\Lib\site-packages\starlette\_exception_handler.py", line 42, in wrapped_app
    await app(scope, receive, sender)
  File "C:\Users\VUY\miniconda3\envs\zh_sentiment_fastapi\Lib\site-packages\fastapi\middleware\asyncexitstack.py", line 18, in __call__
    await self.app(scope, receive, send)
  File "C:\Users\VUY\miniconda3\envs\zh_sentiment_fastapi\Lib\site-packages\starlette\routing.py", line 660, in __call__
    await self.middleware_stack(scope, receive, send)
  File "C:\Users\VUY\miniconda3\envs\zh_sentiment_fastapi\Lib\site-packages\starlette\routing.py", line 680, in app
    await route.handle(scope, receive, send)
  File "C:\Users\VUY\miniconda3\envs\zh_sentiment_fastapi\Lib\site-packages\starlette\routing.py", line 276, in handle
    await self.app(scope, receive, send)
  File "C:\Users\VUY\miniconda3\envs\zh_sentiment_fastapi\Lib\site-packages\fastapi\routing.py", line 134, in app
    await wrap_app_handling_exceptions(app, request)(scope, receive, send)
  File "C:\Users\VUY\miniconda3\envs\zh_sentiment_fastapi\Lib\site-packages\starlette\_exception_handler.py", line 53, in wrapped_app
    raise exc
  File "C:\Users\VUY\miniconda3\envs\zh_sentiment_fastapi\Lib\site-packages\starlette\_exception_handler.py", line 42, in wrapped_app
    await app(scope, receive, sender)
  File "C:\Users\VUY\miniconda3\envs\zh_sentiment_fastapi\Lib\site-packages\fastapi\routing.py", line 120, in app
    response = await f(request)
               ^^^^^^^^^^^^^^^^
  File "C:\Users\VUY\miniconda3\envs\zh_sentiment_fastapi\Lib\site-packages\fastapi\routing.py", line 674, in app
    raw_response = await run_endpoint_function(
                   ^^^^^^^^^^^^^^^^^^^^^^^^^^^^
    ...<3 lines>...
    )
    ^
  File "C:\Users\VUY\miniconda3\envs\zh_sentiment_fastapi\Lib\site-packages\fastapi\routing.py", line 330, in run_endpoint_function
    return await run_in_threadpool(dependant.call, **values)
           ^^^^^^^^^^^^^^^^^^^^^^^^^^^^^^^^^^^^^^^^^^^^^^^^^
  File "C:\Users\VUY\miniconda3\envs\zh_sentiment_fastapi\Lib\site-packages\starlette\concurrency.py", line 32, in run_in_threadpool
    return await anyio.to_thread.run_sync(func)
           ^^^^^^^^^^^^^^^^^^^^^^^^^^^^^^^^^^^^
  File "C:\Users\VUY\miniconda3\envs\zh_sentiment_fastapi\Lib\site-packages\anyio\to_thread.py", line 63, in run_sync
    return await get_async_backend().run_sync_in_worker_thread(
           ^^^^^^^^^^^^^^^^^^^^^^^^^^^^^^^^^^^^^^^^^^^^^^^^^^^^
        func, args, abandon_on_cancel=abandon_on_cancel, limiter=limiter
        ^^^^^^^^^^^^^^^^^^^^^^^^^^^^^^^^^^^^^^^^^^^^^^^^^^^^^^^^^^^^^^^^
    )
    ^
  File "C:\Users\VUY\miniconda3\envs\zh_sentiment_fastapi\Lib\site-packages\anyio\_backends\_asyncio.py", line 2518, in run_sync_in_worker_thread
    return await future
           ^^^^^^^^^^^^
  File "C:\Users\VUY\miniconda3\envs\zh_sentiment_fastapi\Lib\site-packages\anyio\_backends\_asyncio.py", line 1002, in run
    result = context.run(func, *args)
  File "D:\CodeProjects\dl-text-sentiment-zh\app\routers\page_router.py", line 40, in index_page
    return templates.TemplateResponse("index.html", context)
           ~~~~~~~~~~~~~~~~~~~~~~~~~~^^^^^^^^^^^^^^^^^^^^^^^
  File "C:\Users\VUY\miniconda3\envs\zh_sentiment_fastapi\Lib\site-packages\starlette\templating.py", line 148, in TemplateResponse
    template = self.get_template(name)
  File "C:\Users\VUY\miniconda3\envs\zh_sentiment_fastapi\Lib\site-packages\starlette\templating.py", line 115, in get_template
    return self.env.get_template(name)
           ~~~~~~~~~~~~~~~~~~~~~^^^^^^
  File "C:\Users\VUY\miniconda3\envs\zh_sentiment_fastapi\Lib\site-packages\jinja2\environment.py", line 1016, in get_template
    return self._load_template(name, globals)
           ~~~~~~~~~~~~~~~~~~~^^^^^^^^^^^^^^^
  File "C:\Users\VUY\miniconda3\envs\zh_sentiment_fastapi\Lib\site-packages\jinja2\environment.py", line 964, in _load_template
    template = self.cache.get(cache_key)
  File "C:\Users\VUY\miniconda3\envs\zh_sentiment_fastapi\Lib\site-packages\jinja2\utils.py", line 477, in get
    return self[key]
           ~~~~^^^^^
  File "C:\Users\VUY\miniconda3\envs\zh_sentiment_fastapi\Lib\site-packages\jinja2\utils.py", line 515, in __getitem__
    rv = self._mapping[key]
         ~~~~~~~~~~~~~^^^^^
TypeError: cannot use 'tuple' as a dict key (unhashable type: 'dict')
2026-04-15 22:18:28 [ERROR] app.main - 未处理异常：cannot use 'tuple' as a dict key (unhashable type: 'dict')
Traceback (most recent call last):
  File "C:\Users\VUY\miniconda3\envs\zh_sentiment_fastapi\Lib\site-packages\starlette\middleware\errors.py", line 164, in __call__
    await self.app(scope, receive, _send)
  File "C:\Users\VUY\miniconda3\envs\zh_sentiment_fastapi\Lib\site-packages\starlette\middleware\exceptions.py", line 63, in __call__
    await wrap_app_handling_exceptions(self.app, conn)(scope, receive, send)
  File "C:\Users\VUY\miniconda3\envs\zh_sentiment_fastapi\Lib\site-packages\starlette\_exception_handler.py", line 53, in wrapped_app
    raise exc
  File "C:\Users\VUY\miniconda3\envs\zh_sentiment_fastapi\Lib\site-packages\starlette\_exception_handler.py", line 42, in wrapped_app
    await app(scope, receive, sender)
  File "C:\Users\VUY\miniconda3\envs\zh_sentiment_fastapi\Lib\site-packages\fastapi\middleware\asyncexitstack.py", line 18, in __call__
    await self.app(scope, receive, send)
  File "C:\Users\VUY\miniconda3\envs\zh_sentiment_fastapi\Lib\site-packages\starlette\routing.py", line 660, in __call__
    await self.middleware_stack(scope, receive, send)
  File "C:\Users\VUY\miniconda3\envs\zh_sentiment_fastapi\Lib\site-packages\starlette\routing.py", line 680, in app
    await route.handle(scope, receive, send)
  File "C:\Users\VUY\miniconda3\envs\zh_sentiment_fastapi\Lib\site-packages\starlette\routing.py", line 276, in handle
    await self.app(scope, receive, send)
  File "C:\Users\VUY\miniconda3\envs\zh_sentiment_fastapi\Lib\site-packages\fastapi\routing.py", line 134, in app
    await wrap_app_handling_exceptions(app, request)(scope, receive, send)
  File "C:\Users\VUY\miniconda3\envs\zh_sentiment_fastapi\Lib\site-packages\starlette\_exception_handler.py", line 53, in wrapped_app
    raise exc
  File "C:\Users\VUY\miniconda3\envs\zh_sentiment_fastapi\Lib\site-packages\starlette\_exception_handler.py", line 42, in wrapped_app
    await app(scope, receive, sender)
  File "C:\Users\VUY\miniconda3\envs\zh_sentiment_fastapi\Lib\site-packages\fastapi\routing.py", line 120, in app
    response = await f(request)
               ^^^^^^^^^^^^^^^^
  File "C:\Users\VUY\miniconda3\envs\zh_sentiment_fastapi\Lib\site-packages\fastapi\routing.py", line 674, in app
    raw_response = await run_endpoint_function(
                   ^^^^^^^^^^^^^^^^^^^^^^^^^^^^
    ...<3 lines>...
    )
    ^
  File "C:\Users\VUY\miniconda3\envs\zh_sentiment_fastapi\Lib\site-packages\fastapi\routing.py", line 330, in run_endpoint_function
    return await run_in_threadpool(dependant.call, **values)
           ^^^^^^^^^^^^^^^^^^^^^^^^^^^^^^^^^^^^^^^^^^^^^^^^^
  File "C:\Users\VUY\miniconda3\envs\zh_sentiment_fastapi\Lib\site-packages\starlette\concurrency.py", line 32, in run_in_threadpool
    return await anyio.to_thread.run_sync(func)
           ^^^^^^^^^^^^^^^^^^^^^^^^^^^^^^^^^^^^
  File "C:\Users\VUY\miniconda3\envs\zh_sentiment_fastapi\Lib\site-packages\anyio\to_thread.py", line 63, in run_sync
    return await get_async_backend().run_sync_in_worker_thread(
           ^^^^^^^^^^^^^^^^^^^^^^^^^^^^^^^^^^^^^^^^^^^^^^^^^^^^
        func, args, abandon_on_cancel=abandon_on_cancel, limiter=limiter
        ^^^^^^^^^^^^^^^^^^^^^^^^^^^^^^^^^^^^^^^^^^^^^^^^^^^^^^^^^^^^^^^^
    )
    ^
  File "C:\Users\VUY\miniconda3\envs\zh_sentiment_fastapi\Lib\site-packages\anyio\_backends\_asyncio.py", line 2518, in run_sync_in_worker_thread
    return await future
           ^^^^^^^^^^^^
  File "C:\Users\VUY\miniconda3\envs\zh_sentiment_fastapi\Lib\site-packages\anyio\_backends\_asyncio.py", line 1002, in run
    result = context.run(func, *args)
  File "D:\CodeProjects\dl-text-sentiment-zh\app\routers\page_router.py", line 40, in index_page
    return templates.TemplateResponse("index.html", context)
           ~~~~~~~~~~~~~~~~~~~~~~~~~~^^^^^^^^^^^^^^^^^^^^^^^
  File "C:\Users\VUY\miniconda3\envs\zh_sentiment_fastapi\Lib\site-packages\starlette\templating.py", line 148, in TemplateResponse
    template = self.get_template(name)
  File "C:\Users\VUY\miniconda3\envs\zh_sentiment_fastapi\Lib\site-packages\starlette\templating.py", line 115, in get_template
    return self.env.get_template(name)
           ~~~~~~~~~~~~~~~~~~~~~^^^^^^
  File "C:\Users\VUY\miniconda3\envs\zh_sentiment_fastapi\Lib\site-packages\jinja2\environment.py", line 1016, in get_template
    return self._load_template(name, globals)
           ~~~~~~~~~~~~~~~~~~~^^^^^^^^^^^^^^^
  File "C:\Users\VUY\miniconda3\envs\zh_sentiment_fastapi\Lib\site-packages\jinja2\environment.py", line 964, in _load_template
    template = self.cache.get(cache_key)
  File "C:\Users\VUY\miniconda3\envs\zh_sentiment_fastapi\Lib\site-packages\jinja2\utils.py", line 477, in get
    return self[key]
           ~~~~^^^^^
  File "C:\Users\VUY\miniconda3\envs\zh_sentiment_fastapi\Lib\site-packages\jinja2\utils.py", line 515, in __getitem__
    rv = self._mapping[key]
         ~~~~~~~~~~~~~^^^^^
TypeError: cannot use 'tuple' as a dict key (unhashable type: 'dict')
2026-04-15 22:19:10 [INFO] app.services.model_service - 加载当前激活模型：D:\CodeProjects\dl-text-sentiment-zh\storage\models\current\bert-base-chinese-base
2026-04-15 22:20:19 [INFO] app.services.model_service - 加载当前激活模型：D:\CodeProjects\dl-text-sentiment-zh\storage\models\current\bert-base-chinese-base
2026-04-15 22:22:07 [INFO] app.services.model_service - 加载当前激活模型：D:\CodeProjects\dl-text-sentiment-zh\storage\models\current\bert-base-chinese-base
2026-04-15 22:22:22 [INFO] app.services.model_service - 加载当前激活模型：D:\CodeProjects\dl-text-sentiment-zh\storage\models\current\bert-base-chinese-base
2026-04-15 22:23:59 [INFO] app.services.model_service - 加载当前激活模型：D:\CodeProjects\dl-text-sentiment-zh\storage\models\archive\task_1_20260415_222242
2026-04-15 22:24:41 [INFO] app.services.model_service - 加载当前激活模型：D:\CodeProjects\dl-text-sentiment-zh\storage\models\archive\task_1_20260415_222242
2026-04-15 22:26:03 [INFO] app.services.model_service - 加载当前激活模型：D:\CodeProjects\dl-text-sentiment-zh\storage\models\archive\task_1_20260415_222242
2026-04-15 22:46:53 [INFO] app.services.model_service - 加载当前激活模型：D:\CodeProjects\dl-text-sentiment-zh\storage\models\archive\task_2_20260415_222928
2026-04-15 22:52:17 [INFO] app.services.model_service - 加载当前激活模型：D:\CodeProjects\dl-text-sentiment-zh\storage\models\archive\task_2_20260415_222928
2026-04-18 12:37:16 [INFO] app.services.model_service - 加载当前激活模型：D:\CodeProjects\dl-text-sentiment-zh\storage\models\archive\task_2_20260415_222928
2026-04-18 12:41:45 [INFO] app.services.model_service - 加载当前激活模型：D:\CodeProjects\dl-text-sentiment-zh\storage\models\archive\task_2_20260415_222928
2026-04-18 12:51:46 [INFO] app.services.model_service - 加载当前激活模型：D:\CodeProjects\dl-text-sentiment-zh\storage\models\archive\task_2_20260415_222928
2026-04-18 12:57:57 [INFO] app.services.model_service - 加载当前激活模型：D:\CodeProjects\dl-text-sentiment-zh\storage\models\archive\task_2_20260415_222928
2026-04-18 12:59:22 [INFO] app.services.model_service - 加载当前激活模型：D:\CodeProjects\dl-text-sentiment-zh\storage\models\archive\task_2_20260415_222928
